<?xml version="1.0" encoding="UTF-8"?>
<!-- Generated by org.testng.reporters.JUnitReportReporter -->
<testsuite hostname="DESKTOP-5PD09GQ" failures="0" tests="1" name="testngpkg.Windowhandling" time="17.519" errors="0" timestamp="2023-11-28T00:05:11 IST" skipped="0">
  <testcase classname="testngpkg.Windowhandling" name="test" time="17.519"/>
  <system-out/>
</testsuite> <!-- testngpkg.Windowhandling -->
