<?xml version="1.0" encoding="UTF-8"?>
<!-- Generated by org.testng.reporters.JUnitReportReporter -->
<testsuite hostname="DESKTOP-5PD09GQ" failures="0" tests="1" name="test.Fblogintest" time="2.136" errors="0" timestamp="2023-11-29T11:34:13 IST" skipped="0">
  <testcase classname="test.Fblogintest" name="logintest" time="2.136"/>
  <system-out/>
</testsuite> <!-- test.Fblogintest -->
