<?xml version="1.0" encoding="UTF-8"?>
<!-- Generated by org.testng.reporters.JUnitReportReporter -->
<testsuite hostname="DESKTOP-5PD09GQ" failures="0" tests="2" name="testngpkg.Testnggrouping" time="0.243" errors="0" timestamp="2023-11-13T11:37:51 IST" skipped="0">
  <testcase classname="testngpkg.Testnggrouping" name="test1" time="0.046"/>
  <system-out/>
  <testcase classname="testngpkg.Testnggrouping" name="test4" time="0.197"/>
  <system-out/>
</testsuite> <!-- testngpkg.Testnggrouping -->
