<?xml version="1.0" encoding="UTF-8"?>
<!-- Generated by org.testng.reporters.JUnitReportReporter -->
<testsuite hostname="DESKTOP-5PD09GQ" failures="0" tests="1" name="testngpkg.Fileuploadrobot" time="16.201" errors="0" timestamp="2023-11-17T18:43:01 IST" skipped="0">
  <testcase classname="testngpkg.Fileuploadrobot" name="test" time="16.201"/>
  <system-out/>
</testsuite> <!-- testngpkg.Fileuploadrobot -->
