<?xml version="1.0" encoding="UTF-8"?>
<!-- Generated by org.testng.reporters.JUnitReportReporter -->
<testsuite hostname="DESKTOP-5PD09GQ" failures="0" tests="1" name="testngpkg.Datadriven" time="14.586" errors="0" timestamp="2023-11-27T00:31:18 IST" skipped="0">
  <testcase classname="testngpkg.Datadriven" name="test" time="14.586"/>
  <system-out/>
</testsuite> <!-- testngpkg.Datadriven -->
