<?xml version="1.0" encoding="UTF-8"?>
<!-- Generated by org.testng.reporters.JUnitReportReporter -->
<testsuite hostname="DESKTOP-5PD09GQ" failures="0" tests="2" name="testngpkg.Testngdemo" time="0.045" errors="0" timestamp="2023-11-11T00:22:14 IST" skipped="0">
  <testcase classname="testngpkg.Testngdemo" name="test2" time="0.010"/>
  <system-out/>
  <testcase classname="testngpkg.Testngdemo" name="test1" time="0.035"/>
  <system-out/>
</testsuite> <!-- testngpkg.Testngdemo -->
