<?xml version="1.0" encoding="UTF-8"?>
<!-- Generated by org.testng.reporters.JUnitReportReporter -->
<testsuite hostname="DESKTOP-5PD09GQ" failures="0" tests="1" name="testngpkg.Fileuploadsel" time="2.201" errors="0" timestamp="2023-11-17T11:37:49 IST" skipped="0">
  <testcase classname="testngpkg.Fileuploadsel" name="test" time="2.201"/>
  <system-out/>
</testsuite> <!-- testngpkg.Fileuploadsel -->
