<?xml version="1.0" encoding="UTF-8"?>
<!-- Generated by org.testng.reporters.JUnitReportReporter -->
<testsuite hostname="DESKTOP-5PD09GQ" failures="0" tests="1" name="testngpkg.Parametrisation" time="0.033" errors="0" timestamp="2023-11-13T12:16:07 IST" skipped="0">
  <testcase classname="testngpkg.Parametrisation" name="test1" time="0.033"/>
  <system-out/>
</testsuite> <!-- testngpkg.Parametrisation -->
