<?xml version="1.0" encoding="UTF-8"?>
<!-- Generated by org.testng.reporters.JUnitReportReporter -->
<testsuite hostname="DESKTOP-5PD09GQ" failures="0" tests="1" name="testngpkg.Copandpaste" time="1.075" errors="0" timestamp="2023-11-14T11:43:16 IST" skipped="0">
  <testcase classname="testngpkg.Copandpaste" name="test" time="1.075"/>
  <system-out/>
</testsuite> <!-- testngpkg.Copandpaste -->
