<?xml version="1.0" encoding="UTF-8"?>
<!-- Generated by org.testng.reporters.JUnitReportReporter -->
<testsuite hostname="DESKTOP-5PD09GQ" failures="0" tests="1" name="testngpkg.Fb" time="0.573" errors="0" timestamp="2023-11-13T12:47:06 IST" skipped="0">
  <testcase classname="testngpkg.Fb" name="test" time="0.573"/>
  <system-out/>
</testsuite> <!-- testngpkg.Fb -->
