<?xml version="1.0" encoding="UTF-8"?>
<!-- Generated by org.testng.reporters.JUnitReportReporter -->
<testsuite hostname="DESKTOP-5PD09GQ" failures="0" tests="2" name="testngpkg.Automationexercise" time="11.687" errors="0" timestamp="2023-11-17T10:58:31 IST" skipped="1">
  <testcase classname="testngpkg.Automationexercise" name="test2" time="11.687"/>
  <system-out/>
  <testcase classname="testngpkg.Automationexercise" name="test1">
    <skipped/>
  </testcase> <!-- test1 -->
  <system-out/>
</testsuite> <!-- testngpkg.Automationexercise -->
